2025-06-20 14:08:50,767 - __main__ - INFO - Loading validated data from: ./data/processed/futures_data_processed_.csv
[define_features_and_label] Features: ['ETHUSDT_price', 'BNBUSDT_price', 'XRPUSDT_price', 'ADAUSDT_price', 'SOLUSDT_price', 'ETHUSDT_funding_rate', 'BNBUSDT_funding_rate', 'XRPUSDT_funding_rate', 'ADAUSDT_funding_rate', 'SOLUSDT_funding_rate', 'BTCUSDT_funding_rate']
[define_features_and_label] Label: BTCUSDT_price
                   timestamp  ETHUSDT_price  ...  SOLUSDT_funding_rate  BTCUSDT_funding_rate
0  2023-01-01 00:00:00+00:00        1195.06  ...             -0.000925              0.000100
1  2023-01-01 16:00:00+00:00        1200.34  ...             -0.000974              0.000007
2  2023-01-02 00:00:00+00:00        1213.09  ...             -0.001056             -0.000015
3  2023-01-03 16:00:00+00:00        1214.55  ...             -0.008201              0.000033
4  2023-01-04 00:00:00+00:00        1252.00  ...             -0.003499              0.000065

[5 rows x 13 columns]
[create_price_direction_label] Created price direction shape=(689, 15)
Features shape: (689, 11), Regression target shape: (689,), Classification target shape: (689,)
2025-06-20 14:08:50,782 - __main__ - INFO - Feature engineering complete.
2025-06-20 14:08:50,783 - src.mlops.preproccess.preproccessing - INFO - Data split completed - Train: (551, 11), Test: (138, 11)
2025-06-20 14:08:50,784 - src.mlops.preproccess.preproccessing - INFO - Data split completed - Train: (551, 11), Test: (138, 11)
2025-06-20 14:08:50,784 - __main__ - INFO - Data splitting complete.
2025-06-20 14:08:50,785 - src.mlops.preproccess.preproccessing - INFO - Successfully scaled features: ['ETHUSDT_price', 'BNBUSDT_price', 'XRPUSDT_price', 'ADAUSDT_price', 'SOLUSDT_price', 'ETHUSDT_funding_rate', 'BNBUSDT_funding_rate', 'XRPUSDT_funding_rate', 'ADAUSDT_funding_rate', 'SOLUSDT_funding_rate', 'BTCUSDT_funding_rate']
2025-06-20 14:08:50,787 - src.mlops.preproccess.preproccessing - INFO - Successfully scaled features: ['ETHUSDT_price', 'BNBUSDT_price', 'XRPUSDT_price', 'ADAUSDT_price', 'SOLUSDT_price', 'ETHUSDT_funding_rate', 'BNBUSDT_funding_rate', 'XRPUSDT_funding_rate', 'ADAUSDT_funding_rate', 'SOLUSDT_funding_rate', 'BTCUSDT_funding_rate']
2025-06-20 14:08:50,789 - __main__ - ERROR - Preprocessing step failed
Traceback (most recent call last):
  File "/Library/Frameworks/Python.framework/Versions/3.13/lib/python3.13/site-packages/pandas/core/indexes/base.py", line 3805, in get_loc
    return self._engine.get_loc(casted_key)
           ~~~~~~~~~~~~~~~~~~~~^^^^^^^^^^^^
  File "index.pyx", line 167, in pandas._libs.index.IndexEngine.get_loc
  File "index.pyx", line 196, in pandas._libs.index.IndexEngine.get_loc
  File "pandas/_libs/hashtable_class_helper.pxi", line 7081, in pandas._libs.hashtable.PyObjectHashTable.get_item
  File "pandas/_libs/hashtable_class_helper.pxi", line 7089, in pandas._libs.hashtable.PyObjectHashTable.get_item
KeyError: 'BTCUSDT_price'

The above exception was the direct cause of the following exception:

Traceback (most recent call last):
  File "/Users/aviv/Library/Mobile Documents/com~apple~CloudDocs/study/MLOps_Group_Project/src/mlops/preproccess/run.py", line 87, in run_preprocessing
    selected_features_reg = select_features(df_reg_train, feature_cols)
  File "/Users/aviv/Library/Mobile Documents/com~apple~CloudDocs/study/MLOps_Group_Project/src/mlops/preproccess/../../../src/mlops/features/features.py", line 90, in select_features
    y = df[config.get("target")]  # This is the regression label by default
        ~~^^^^^^^^^^^^^^^^^^^^^^
  File "/Library/Frameworks/Python.framework/Versions/3.13/lib/python3.13/site-packages/pandas/core/frame.py", line 4102, in __getitem__
    indexer = self.columns.get_loc(key)
  File "/Library/Frameworks/Python.framework/Versions/3.13/lib/python3.13/site-packages/pandas/core/indexes/base.py", line 3812, in get_loc
    raise KeyError(key) from err
KeyError: 'BTCUSDT_price'
